Simulation at 2023-03-06
universe size 120x120

Iteration: 1
+-----------------------+-------+---------+
|                       | Count | Percent |
+-----------------------+-------+---------+
|         Block         |   0   |    0    |
|        Beehive        |   0   |    0    |
|          Loaf         |   0   |    0    |
|          Boat         |   0   |    0    |
|          Tub          |   0   |    0    |
|        Blinker        |   7   |   100   |
|          Toad         |   0   |    0    |
|         Beacon        |   0   |    0    |
|         Glider        |   0   |    0    |
| Lightweight spaceship |   0   |    0    |
|         Total         |   7   |   100   |
+-----------------------+-------+---------+

Iteration: 1
+-----------------------+-------+---------+
|                       | Count | Percent |
+-----------------------+-------+---------+
|         Block         |   10  |    40   |
|        Beehive        |   0   |    0    |
|          Loaf         |   0   |    0    |
|          Boat         |   1   |    4    |
|          Tub          |   1   |    4    |
|        Blinker        |   13  |    52   |
|          Toad         |   0   |    0    |
|         Beacon        |   0   |    0    |
|         Glider        |   0   |    0    |
| Lightweight spaceship |   0   |    0    |
|         Total         |   25  |   100   |
+-----------------------+-------+---------+

Iteration: 2
+-----------------------+-------+---------+
|                       | Count | Percent |
+-----------------------+-------+---------+
|         Block         |   5   |    41   |
|        Beehive        |   0   |    0    |
|          Loaf         |   0   |    0    |
|          Boat         |   1   |    8    |
|          Tub          |   1   |    8    |
|        Blinker        |   5   |    41   |
|          Toad         |   0   |    0    |
|         Beacon        |   0   |    0    |
|         Glider        |   0   |    0    |
| Lightweight spaceship |   0   |    0    |
|         Total         |   12  |   100   |
+-----------------------+-------+---------+

Iteration: 3
+-----------------------+-------+---------+
|                       | Count | Percent |
+-----------------------+-------+---------+
|         Block         |   19  |    54   |
|        Beehive        |   0   |    0    |
|          Loaf         |   0   |    0    |
|          Boat         |   2   |    5    |
|          Tub          |   2   |    5    |
|        Blinker        |   12  |    34   |
|          Toad         |   0   |    0    |
|         Beacon        |   0   |    0    |
|         Glider        |   0   |    0    |
| Lightweight spaceship |   0   |    0    |
|         Total         |   35  |   100   |
+-----------------------+-------+---------+

Iteration: 4
+-----------------------+-------+---------+
|                       | Count | Percent |
+-----------------------+-------+---------+
|         Block         |   8   |    42   |
|        Beehive        |   1   |    5    |
|          Loaf         |   1   |    5    |
|          Boat         |   1   |    5    |
|          Tub          |   1   |    5    |
|        Blinker        |   7   |    36   |
|          Toad         |   0   |    0    |
|         Beacon        |   0   |    0    |
|         Glider        |   0   |    0    |
| Lightweight spaceship |   0   |    0    |
|         Total         |   19  |   100   |
+-----------------------+-------+---------+

Iteration: 5
+-----------------------+-------+---------+
|                       | Count | Percent |
+-----------------------+-------+---------+
|         Block         |   7   |    50   |
|        Beehive        |   1   |    7    |
|          Loaf         |   0   |    0    |
|          Boat         |   1   |    7    |
|          Tub          |   1   |    7    |
|        Blinker        |   4   |    28   |
|          Toad         |   0   |    0    |
|         Beacon        |   0   |    0    |
|         Glider        |   0   |    0    |
| Lightweight spaceship |   0   |    0    |
|         Total         |   14  |   100   |
+-----------------------+-------+---------+

Iteration: 6
+-----------------------+-------+---------+
|                       | Count | Percent |
+-----------------------+-------+---------+
|         Block         |   6   |    30   |
|        Beehive        |   1   |    5    |
|          Loaf         |   0   |    0    |
|          Boat         |   3   |    15   |
|          Tub          |   3   |    15   |
|        Blinker        |   7   |    35   |
|          Toad         |   0   |    0    |
|         Beacon        |   0   |    0    |
|         Glider        |   0   |    0    |
| Lightweight spaceship |   0   |    0    |
|         Total         |   20  |   100   |
+-----------------------+-------+---------+

Iteration: 7
+-----------------------+-------+---------+
|                       | Count | Percent |
+-----------------------+-------+---------+
|         Block         |   12  |    60   |
|        Beehive        |   1   |    5    |
|          Loaf         |   0   |    0    |
|          Boat         |   1   |    5    |
|          Tub          |   1   |    5    |
|        Blinker        |   5   |    25   |
|          Toad         |   0   |    0    |
|         Beacon        |   0   |    0    |
|         Glider        |   0   |    0    |
| Lightweight spaceship |   0   |    0    |
|         Total         |   20  |   100   |
+-----------------------+-------+---------+

Iteration: 8
+-----------------------+-------+---------+
|                       | Count | Percent |
+-----------------------+-------+---------+
|         Block         |   6   |    24   |
|        Beehive        |   5   |    20   |
|          Loaf         |   0   |    0    |
|          Boat         |   3   |    12   |
|          Tub          |   3   |    12   |
|        Blinker        |   8   |    32   |
|          Toad         |   0   |    0    |
|         Beacon        |   0   |    0    |
|         Glider        |   0   |    0    |
| Lightweight spaceship |   0   |    0    |
|         Total         |   25  |   100   |
+-----------------------+-------+---------+

Iteration: 9
+-----------------------+-------+---------+
|                       | Count | Percent |
+-----------------------+-------+---------+
|         Block         |   6   |    28   |
|        Beehive        |   1   |    4    |
|          Loaf         |   0   |    0    |
|          Boat         |   1   |    4    |
|          Tub          |   1   |    4    |
|        Blinker        |   12  |    57   |
|          Toad         |   0   |    0    |
|         Beacon        |   0   |    0    |
|         Glider        |   0   |    0    |
| Lightweight spaceship |   0   |    0    |
|         Total         |   21  |   100   |
+-----------------------+-------+---------+

Iteration: 10
+-----------------------+-------+---------+
|                       | Count | Percent |
+-----------------------+-------+---------+
|         Block         |   10  |    26   |
|        Beehive        |   1   |    2    |
|          Loaf         |   0   |    0    |
|          Boat         |   5   |    13   |
|          Tub          |   5   |    13   |
|        Blinker        |   17  |    44   |
|          Toad         |   0   |    0    |
|         Beacon        |   0   |    0    |
|         Glider        |   0   |    0    |
| Lightweight spaceship |   0   |    0    |
|         Total         |   38  |   100   |
+-----------------------+-------+---------+

Iteration: 11
+-----------------------+-------+---------+
|                       | Count | Percent |
+-----------------------+-------+---------+
|         Block         |   8   |    30   |
|        Beehive        |   1   |    3    |
|          Loaf         |   0   |    0    |
|          Boat         |   2   |    7    |
|          Tub          |   2   |    7    |
|        Blinker        |   13  |    50   |
|          Toad         |   0   |    0    |
|         Beacon        |   0   |    0    |
|         Glider        |   0   |    0    |
| Lightweight spaceship |   0   |    0    |
|         Total         |   26  |   100   |
+-----------------------+-------+---------+

Iteration: 12
+-----------------------+-------+---------+
|                       | Count | Percent |
+-----------------------+-------+---------+
|         Block         |   10  |    50   |
|        Beehive        |   1   |    5    |
|          Loaf         |   0   |    0    |
|          Boat         |   1   |    5    |
|          Tub          |   1   |    5    |
|        Blinker        |   7   |    35   |
|          Toad         |   0   |    0    |
|         Beacon        |   0   |    0    |
|         Glider        |   0   |    0    |
| Lightweight spaceship |   0   |    0    |
|         Total         |   20  |   100   |
+-----------------------+-------+---------+

Iteration: 13
+-----------------------+-------+---------+
|                       | Count | Percent |
+-----------------------+-------+---------+
|         Block         |   8   |    33   |
|        Beehive        |   1   |    4    |
|          Loaf         |   0   |    0    |
|          Boat         |   2   |    8    |
|          Tub          |   2   |    8    |
|        Blinker        |   11  |    45   |
|          Toad         |   0   |    0    |
|         Beacon        |   0   |    0    |
|         Glider        |   0   |    0    |
| Lightweight spaceship |   0   |    0    |
|         Total         |   24  |   100   |
+-----------------------+-------+---------+

Iteration: 14
+-----------------------+-------+---------+
|                       | Count | Percent |
+-----------------------+-------+---------+
|         Block         |   14  |    37   |
|        Beehive        |   1   |    2    |
|          Loaf         |   0   |    0    |
|          Boat         |   2   |    5    |
|          Tub          |   2   |    5    |
|        Blinker        |   18  |    48   |
|          Toad         |   0   |    0    |
|         Beacon        |   0   |    0    |
|         Glider        |   0   |    0    |
| Lightweight spaceship |   0   |    0    |
|         Total         |   37  |   100   |
+-----------------------+-------+---------+

Iteration: 15
+-----------------------+-------+---------+
|                       | Count | Percent |
+-----------------------+-------+---------+
|         Block         |   6   |    20   |
|        Beehive        |   5   |    16   |
|          Loaf         |   0   |    0    |
|          Boat         |   4   |    13   |
|          Tub          |   4   |    13   |
|        Blinker        |   11  |    36   |
|          Toad         |   0   |    0    |
|         Beacon        |   0   |    0    |
|         Glider        |   0   |    0    |
| Lightweight spaceship |   0   |    0    |
|         Total         |   30  |   100   |
+-----------------------+-------+---------+

Iteration: 16
+-----------------------+-------+---------+
|                       | Count | Percent |
+-----------------------+-------+---------+
|         Block         |   6   |    30   |
|        Beehive        |   1   |    5    |
|          Loaf         |   0   |    0    |
|          Boat         |   1   |    5    |
|          Tub          |   1   |    5    |
|        Blinker        |   11  |    55   |
|          Toad         |   0   |    0    |
|         Beacon        |   0   |    0    |
|         Glider        |   0   |    0    |
| Lightweight spaceship |   0   |    0    |
|         Total         |   20  |   100   |
+-----------------------+-------+---------+

Iteration: 17
+-----------------------+-------+---------+
|                       | Count | Percent |
+-----------------------+-------+---------+
|         Block         |   10  |    38   |
|        Beehive        |   1   |    3    |
|          Loaf         |   0   |    0    |
|          Boat         |   2   |    7    |
|          Tub          |   2   |    7    |
|        Blinker        |   11  |    42   |
|          Toad         |   0   |    0    |
|         Beacon        |   0   |    0    |
|         Glider        |   0   |    0    |
| Lightweight spaceship |   0   |    0    |
|         Total         |   26  |   100   |
+-----------------------+-------+---------+

Iteration: 18
+-----------------------+-------+---------+
|                       | Count | Percent |
+-----------------------+-------+---------+
|         Block         |   12  |    31   |
|        Beehive        |   1   |    2    |
|          Loaf         |   1   |    2    |
|          Boat         |   1   |    2    |
|          Tub          |   1   |    2    |
|        Blinker        |   22  |    57   |
|          Toad         |   0   |    0    |
|         Beacon        |   0   |    0    |
|         Glider        |   0   |    0    |
| Lightweight spaceship |   0   |    0    |
|         Total         |   38  |   100   |
+-----------------------+-------+---------+

Iteration: 19
+-----------------------+-------+---------+
|                       | Count | Percent |
+-----------------------+-------+---------+
|         Block         |   18  |    39   |
|        Beehive        |   3   |    6    |
|          Loaf         |   0   |    0    |
|          Boat         |   4   |    8    |
|          Tub          |   4   |    8    |
|        Blinker        |   17  |    36   |
|          Toad         |   0   |    0    |
|         Beacon        |   0   |    0    |
|         Glider        |   0   |    0    |
| Lightweight spaceship |   0   |    0    |
|         Total         |   46  |   100   |
+-----------------------+-------+---------+

Iteration: 20
+-----------------------+-------+---------+
|                       | Count | Percent |
+-----------------------+-------+---------+
|         Block         |   18  |    36   |
|        Beehive        |   1   |    2    |
|          Loaf         |   0   |    0    |
|          Boat         |   3   |    6    |
|          Tub          |   3   |    6    |
|        Blinker        |   24  |    48   |
|          Toad         |   0   |    0    |
|         Beacon        |   0   |    0    |
|         Glider        |   0   |    0    |
| Lightweight spaceship |   0   |    0    |
|         Total         |   49  |   100   |
+-----------------------+-------+---------+

Iteration: 21
+-----------------------+-------+---------+
|                       | Count | Percent |
+-----------------------+-------+---------+
|         Block         |   8   |    33   |
|        Beehive        |   1   |    4    |
|          Loaf         |   0   |    0    |
|          Boat         |   1   |    4    |
|          Tub          |   1   |    4    |
|        Blinker        |   13  |    54   |
|          Toad         |   0   |    0    |
|         Beacon        |   0   |    0    |
|         Glider        |   0   |    0    |
| Lightweight spaceship |   0   |    0    |
|         Total         |   24  |   100   |
+-----------------------+-------+---------+

Iteration: 22
+-----------------------+-------+---------+
|                       | Count | Percent |
+-----------------------+-------+---------+
|         Block         |   12  |    34   |
|        Beehive        |   1   |    2    |
|          Loaf         |   0   |    0    |
|          Boat         |   1   |    2    |
|          Tub          |   1   |    2    |
|        Blinker        |   20  |    57   |
|          Toad         |   0   |    0    |
|         Beacon        |   0   |    0    |
|         Glider        |   0   |    0    |
| Lightweight spaceship |   0   |    0    |
|         Total         |   35  |   100   |
+-----------------------+-------+---------+

Iteration: 23
+-----------------------+-------+---------+
|                       | Count | Percent |
+-----------------------+-------+---------+
|         Block         |   8   |    20   |
|        Beehive        |   1   |    2    |
|          Loaf         |   0   |    0    |
|          Boat         |   2   |    5    |
|          Tub          |   2   |    5    |
|        Blinker        |   26  |    66   |
|          Toad         |   0   |    0    |
|         Beacon        |   0   |    0    |
|         Glider        |   0   |    0    |
| Lightweight spaceship |   0   |    0    |
|         Total         |   39  |   100   |
+-----------------------+-------+---------+

Iteration: 24
+-----------------------+-------+---------+
|                       | Count | Percent |
+-----------------------+-------+---------+
|         Block         |   18  |    31   |
|        Beehive        |   3   |    5    |
|          Loaf         |   0   |    0    |
|          Boat         |   1   |    1    |
|          Tub          |   1   |    1    |
|        Blinker        |   34  |    59   |
|          Toad         |   0   |    0    |
|         Beacon        |   0   |    0    |
|         Glider        |   0   |    0    |
| Lightweight spaceship |   0   |    0    |
|         Total         |   57  |   100   |
+-----------------------+-------+---------+

Iteration: 25
+-----------------------+-------+---------+
|                       | Count | Percent |
+-----------------------+-------+---------+
|         Block         |   10  |    30   |
|        Beehive        |   3   |    9    |
|          Loaf         |   0   |    0    |
|          Boat         |   3   |    9    |
|          Tub          |   3   |    9    |
|        Blinker        |   14  |    42   |
|          Toad         |   0   |    0    |
|         Beacon        |   0   |    0    |
|         Glider        |   0   |    0    |
| Lightweight spaceship |   0   |    0    |
|         Total         |   33  |   100   |
+-----------------------+-------+---------+

Iteration: 26
+-----------------------+-------+---------+
|                       | Count | Percent |
+-----------------------+-------+---------+
|         Block         |   20  |    38   |
|        Beehive        |   2   |    3    |
|          Loaf         |   0   |    0    |
|          Boat         |   4   |    7    |
|          Tub          |   4   |    7    |
|        Blinker        |   22  |    42   |
|          Toad         |   0   |    0    |
|         Beacon        |   0   |    0    |
|         Glider        |   0   |    0    |
| Lightweight spaceship |   0   |    0    |
|         Total         |   52  |   100   |
+-----------------------+-------+---------+

Iteration: 27
+-----------------------+-------+---------+
|                       | Count | Percent |
+-----------------------+-------+---------+
|         Block         |   10  |    32   |
|        Beehive        |   1   |    3    |
|          Loaf         |   0   |    0    |
|          Boat         |   1   |    3    |
|          Tub          |   1   |    3    |
|        Blinker        |   18  |    58   |
|          Toad         |   0   |    0    |
|         Beacon        |   0   |    0    |
|         Glider        |   0   |    0    |
| Lightweight spaceship |   0   |    0    |
|         Total         |   31  |   100   |
+-----------------------+-------+---------+

Iteration: 28
+-----------------------+-------+---------+
|                       | Count | Percent |
+-----------------------+-------+---------+
|         Block         |   14  |    28   |
|        Beehive        |   1   |    2    |
|          Loaf         |   0   |    0    |
|          Boat         |   3   |    6    |
|          Tub          |   3   |    6    |
|        Blinker        |   28  |    57   |
|          Toad         |   0   |    0    |
|         Beacon        |   0   |    0    |
|         Glider        |   0   |    0    |
| Lightweight spaceship |   0   |    0    |
|         Total         |   49  |   100   |
+-----------------------+-------+---------+

Iteration: 29
+-----------------------+-------+---------+
|                       | Count | Percent |
+-----------------------+-------+---------+
|         Block         |   14  |    26   |
|        Beehive        |   1   |    1    |
|          Loaf         |   0   |    0    |
|          Boat         |   4   |    7    |
|          Tub          |   4   |    7    |
|        Blinker        |   30  |    56   |
|          Toad         |   0   |    0    |
|         Beacon        |   0   |    0    |
|         Glider        |   0   |    0    |
| Lightweight spaceship |   0   |    0    |
|         Total         |   53  |   100   |
+-----------------------+-------+---------+

Iteration: 30
+-----------------------+-------+---------+
|                       | Count | Percent |
+-----------------------+-------+---------+
|         Block         |   14  |    33   |
|        Beehive        |   1   |    2    |
|          Loaf         |   0   |    0    |
|          Boat         |   2   |    4    |
|          Tub          |   2   |    4    |
|        Blinker        |   23  |    54   |
|          Toad         |   0   |    0    |
|         Beacon        |   0   |    0    |
|         Glider        |   0   |    0    |
| Lightweight spaceship |   0   |    0    |
|         Total         |   42  |   100   |
+-----------------------+-------+---------+

Iteration: 31
+-----------------------+-------+---------+
|                       | Count | Percent |
+-----------------------+-------+---------+
|         Block         |   14  |    46   |
|        Beehive        |   1   |    3    |
|          Loaf         |   0   |    0    |
|          Boat         |   1   |    3    |
|          Tub          |   1   |    3    |
|        Blinker        |   13  |    43   |
|          Toad         |   0   |    0    |
|         Beacon        |   0   |    0    |
|         Glider        |   0   |    0    |
| Lightweight spaceship |   0   |    0    |
|         Total         |   30  |   100   |
+-----------------------+-------+---------+

Iteration: 32
+-----------------------+-------+---------+
|                       | Count | Percent |
+-----------------------+-------+---------+
|         Block         |   10  |    32   |
|        Beehive        |   1   |    3    |
|          Loaf         |   0   |    0    |
|          Boat         |   2   |    6    |
|          Tub          |   2   |    6    |
|        Blinker        |   16  |    51   |
|          Toad         |   0   |    0    |
|         Beacon        |   0   |    0    |
|         Glider        |   0   |    0    |
| Lightweight spaceship |   0   |    0    |
|         Total         |   31  |   100   |
+-----------------------+-------+---------+

Iteration: 33
+-----------------------+-------+---------+
|                       | Count | Percent |
+-----------------------+-------+---------+
|         Block         |   12  |    31   |
|        Beehive        |   3   |    7    |
|          Loaf         |   0   |    0    |
|          Boat         |   1   |    2    |
|          Tub          |   1   |    2    |
|        Blinker        |   21  |    55   |
|          Toad         |   0   |    0    |
|         Beacon        |   0   |    0    |
|         Glider        |   0   |    0    |
| Lightweight spaceship |   0   |    0    |
|         Total         |   38  |   100   |
+-----------------------+-------+---------+

Iteration: 34
+-----------------------+-------+---------+
|                       | Count | Percent |
+-----------------------+-------+---------+
|         Block         |   10  |    23   |
|        Beehive        |   1   |    2    |
|          Loaf         |   0   |    0    |
|          Boat         |   3   |    6    |
|          Tub          |   3   |    6    |
|        Blinker        |   26  |    60   |
|          Toad         |   0   |    0    |
|         Beacon        |   0   |    0    |
|         Glider        |   0   |    0    |
| Lightweight spaceship |   0   |    0    |
|         Total         |   43  |   100   |
+-----------------------+-------+---------+

Iteration: 35
+-----------------------+-------+---------+
|                       | Count | Percent |
+-----------------------+-------+---------+
|         Block         |   14  |    34   |
|        Beehive        |   1   |    2    |
|          Loaf         |   0   |    0    |
|          Boat         |   2   |    4    |
|          Tub          |   2   |    4    |
|        Blinker        |   22  |    53   |
|          Toad         |   0   |    0    |
|         Beacon        |   0   |    0    |
|         Glider        |   0   |    0    |
| Lightweight spaceship |   0   |    0    |
|         Total         |   41  |   100   |
+-----------------------+-------+---------+

Iteration: 36
+-----------------------+-------+---------+
|                       | Count | Percent |
+-----------------------+-------+---------+
|         Block         |   14  |    29   |
|        Beehive        |   1   |    2    |
|          Loaf         |   0   |    0    |
|          Boat         |   5   |    10   |
|          Tub          |   5   |    10   |
|        Blinker        |   23  |    47   |
|          Toad         |   0   |    0    |
|         Beacon        |   0   |    0    |
|         Glider        |   0   |    0    |
| Lightweight spaceship |   0   |    0    |
|         Total         |   48  |   100   |
+-----------------------+-------+---------+

Iteration: 37
+-----------------------+-------+---------+
|                       | Count | Percent |
+-----------------------+-------+---------+
|         Block         |   16  |    38   |
|        Beehive        |   1   |    2    |
|          Loaf         |   0   |    0    |
|          Boat         |   2   |    4    |
|          Tub          |   2   |    4    |
|        Blinker        |   21  |    50   |
|          Toad         |   0   |    0    |
|         Beacon        |   0   |    0    |
|         Glider        |   0   |    0    |
| Lightweight spaceship |   0   |    0    |
|         Total         |   42  |   100   |
+-----------------------+-------+---------+

Iteration: 38
+-----------------------+-------+---------+
|                       | Count | Percent |
+-----------------------+-------+---------+
|         Block         |   24  |    35   |
|        Beehive        |   1   |    1    |
|          Loaf         |   0   |    0    |
|          Boat         |   2   |    2    |
|          Tub          |   2   |    2    |
|        Blinker        |   38  |    56   |
|          Toad         |   0   |    0    |
|         Beacon        |   0   |    0    |
|         Glider        |   0   |    0    |
| Lightweight spaceship |   0   |    0    |
|         Total         |   67  |   100   |
+-----------------------+-------+---------+

Iteration: 39
+-----------------------+-------+---------+
|                       | Count | Percent |
+-----------------------+-------+---------+
|         Block         |   12  |    27   |
|        Beehive        |   1   |    2    |
|          Loaf         |   0   |    0    |
|          Boat         |   1   |    2    |
|          Tub          |   1   |    2    |
|        Blinker        |   28  |    65   |
|          Toad         |   0   |    0    |
|         Beacon        |   0   |    0    |
|         Glider        |   0   |    0    |
| Lightweight spaceship |   0   |    0    |
|         Total         |   43  |   100   |
+-----------------------+-------+---------+

Iteration: 40
+-----------------------+-------+---------+
|                       | Count | Percent |
+-----------------------+-------+---------+
|         Block         |   26  |    34   |
|        Beehive        |   1   |    1    |
|          Loaf         |   0   |    0    |
|          Boat         |   8   |    10   |
|          Tub          |   8   |    10   |
|        Blinker        |   33  |    43   |
|          Toad         |   0   |    0    |
|         Beacon        |   0   |    0    |
|         Glider        |   0   |    0    |
| Lightweight spaceship |   0   |    0    |
|         Total         |   76  |   100   |
+-----------------------+-------+---------+

Iteration: 41
+-----------------------+-------+---------+
|                       | Count | Percent |
+-----------------------+-------+---------+
|         Block         |   20  |    33   |
|        Beehive        |   1   |    1    |
|          Loaf         |   1   |    1    |
|          Boat         |   2   |    3    |
|          Tub          |   2   |    3    |
|        Blinker        |   33  |    55   |
|          Toad         |   0   |    0    |
|         Beacon        |   0   |    0    |
|         Glider        |   0   |    0    |
| Lightweight spaceship |   0   |    0    |
|         Total         |   59  |   100   |
+-----------------------+-------+---------+

Iteration: 42
+-----------------------+-------+---------+
|                       | Count | Percent |
+-----------------------+-------+---------+
|         Block         |   16  |    40   |
|        Beehive        |   1   |    2    |
|          Loaf         |   0   |    0    |
|          Boat         |   2   |    5    |
|          Tub          |   2   |    5    |
|        Blinker        |   19  |    47   |
|          Toad         |   0   |    0    |
|         Beacon        |   0   |    0    |
|         Glider        |   0   |    0    |
| Lightweight spaceship |   0   |    0    |
|         Total         |   40  |   100   |
+-----------------------+-------+---------+

Iteration: 43
+-----------------------+-------+---------+
|                       | Count | Percent |
+-----------------------+-------+---------+
|         Block         |   22  |    42   |
|        Beehive        |   3   |    5    |
|          Loaf         |   0   |    0    |
|          Boat         |   2   |    3    |
|          Tub          |   2   |    3    |
|        Blinker        |   23  |    44   |
|          Toad         |   0   |    0    |
|         Beacon        |   0   |    0    |
|         Glider        |   0   |    0    |
| Lightweight spaceship |   0   |    0    |
|         Total         |   52  |   100   |
+-----------------------+-------+---------+

Iteration: 44
+-----------------------+-------+---------+
|                       | Count | Percent |
+-----------------------+-------+---------+
|         Block         |   28  |    34   |
|        Beehive        |   3   |    3    |
|          Loaf         |   0   |    0    |
|          Boat         |   12  |    14   |
|          Tub          |   11  |    13   |
|        Blinker        |   28  |    34   |
|          Toad         |   0   |    0    |
|         Beacon        |   0   |    0    |
|         Glider        |   0   |    0    |
| Lightweight spaceship |   0   |    0    |
|         Total         |   82  |   100   |
+-----------------------+-------+---------+

Iteration: 45
+-----------------------+-------+---------+
|                       | Count | Percent |
+-----------------------+-------+---------+
|         Block         |   16  |    23   |
|        Beehive        |   6   |    8    |
|          Loaf         |   0   |    0    |
|          Boat         |   7   |    10   |
|          Tub          |   6   |    8    |
|        Blinker        |   33  |    48   |
|          Toad         |   0   |    0    |
|         Beacon        |   0   |    0    |
|         Glider        |   0   |    0    |
| Lightweight spaceship |   0   |    0    |
|         Total         |   68  |   100   |
+-----------------------+-------+---------+

Iteration: 46
+-----------------------+-------+---------+
|                       | Count | Percent |
+-----------------------+-------+---------+
|         Block         |   20  |    40   |
|        Beehive        |   1   |    2    |
|          Loaf         |   0   |    0    |
|          Boat         |   4   |    8    |
|          Tub          |   4   |    8    |
|        Blinker        |   21  |    42   |
|          Toad         |   0   |    0    |
|         Beacon        |   0   |    0    |
|         Glider        |   0   |    0    |
| Lightweight spaceship |   0   |    0    |
|         Total         |   50  |   100   |
+-----------------------+-------+---------+

Iteration: 47
+-----------------------+-------+---------+
|                       | Count | Percent |
+-----------------------+-------+---------+
|         Block         |   16  |    47   |
|        Beehive        |   1   |    2    |
|          Loaf         |   0   |    0    |
|          Boat         |   1   |    2    |
|          Tub          |   1   |    2    |
|        Blinker        |   15  |    44   |
|          Toad         |   0   |    0    |
|         Beacon        |   0   |    0    |
|         Glider        |   0   |    0    |
| Lightweight spaceship |   0   |    0    |
|         Total         |   34  |   100   |
+-----------------------+-------+---------+

Iteration: 48
+-----------------------+-------+---------+
|                       | Count | Percent |
+-----------------------+-------+---------+
|         Block         |   28  |    32   |
|        Beehive        |   2   |    2    |
|          Loaf         |   0   |    0    |
|          Boat         |   7   |    8    |
|          Tub          |   5   |    5    |
|        Blinker        |   44  |    51   |
|          Toad         |   0   |    0    |
|         Beacon        |   0   |    0    |
|         Glider        |   0   |    0    |
| Lightweight spaceship |   0   |    0    |
|         Total         |   86  |   100   |
+-----------------------+-------+---------+

Iteration: 49
+-----------------------+-------+---------+
|                       | Count | Percent |
+-----------------------+-------+---------+
|         Block         |   10  |    25   |
|        Beehive        |   1   |    2    |
|          Loaf         |   0   |    0    |
|          Boat         |   2   |    5    |
|          Tub          |   2   |    5    |
|        Blinker        |   24  |    61   |
|          Toad         |   0   |    0    |
|         Beacon        |   0   |    0    |
|         Glider        |   0   |    0    |
| Lightweight spaceship |   0   |    0    |
|         Total         |   39  |   100   |
+-----------------------+-------+---------+

Iteration: 50
+-----------------------+-------+---------+
|                       | Count | Percent |
+-----------------------+-------+---------+
|         Block         |   30  |    31   |
|        Beehive        |   3   |    3    |
|          Loaf         |   0   |    0    |
|          Boat         |   7   |    7    |
|          Tub          |   7   |    7    |
|        Blinker        |   48  |    50   |
|          Toad         |   0   |    0    |
|         Beacon        |   0   |    0    |
|         Glider        |   0   |    0    |
| Lightweight spaceship |   0   |    0    |
|         Total         |   95  |   100   |
+-----------------------+-------+---------+

